<?xml version="1.0" encoding="UTF-8"?>
<!-- Generated by org.testng.reporters.JUnitReportReporter -->
<testsuite skipped="0" hostname="Hamza-PC" name="com.lm.qa.testcases.LoginTest" tests="3" failures="0" timestamp="24 Nov 2018 09:41:59 GMT" time="10.607" errors="0">
  <testcase name="loginWithUrl" time="6.962" classname="com.lm.qa.testcases.LoginTest"/>
  <testcase name="loginPageTitleTest" time="0.053" classname="com.lm.qa.testcases.LoginTest"/>
  <testcase name="loginsucess" time="3.592" classname="com.lm.qa.testcases.LoginTest"/>
</testsuite> <!-- com.lm.qa.testcases.LoginTest -->
