<?xml version="1.0" encoding="UTF-8"?>
<!-- Generated by org.testng.reporters.JUnitReportReporter -->
<testsuite skipped="0" hostname="Hamza-PC" name="com.lm.qa.testcases.LoginTest" tests="1" failures="0" timestamp="26 Dec 2018 20:57:08 GMT" time="6.504" errors="0">
  <testcase name="loginWithUrl" time="6.504" classname="com.lm.qa.testcases.LoginTest"/>
</testsuite> <!-- com.lm.qa.testcases.LoginTest -->
