<?xml version="1.0" encoding="UTF-8"?>
<!-- Generated by org.testng.reporters.JUnitReportReporter -->
<testsuite skipped="0" hostname="Hamza-PC" name="com.lm.qa.testcases.DropDownTest" tests="1" failures="0" timestamp="22 Jan 2019 12:05:12 GMT" time="1.848" errors="0">
  <testcase name="dropdownactions" time="1.848" classname="com.lm.qa.testcases.DropDownTest"/>
</testsuite> <!-- com.lm.qa.testcases.DropDownTest -->
