<?xml version="1.0" encoding="UTF-8"?>
<!-- Generated by org.testng.reporters.JUnitReportReporter -->
<testsuite skipped="0" hostname="Hamza-PC" name="com.lm.qa.testcases.DropDownTest" tests="2" failures="0" timestamp="24 Nov 2018 11:27:17 GMT" time="12.076" errors="0">
  <testcase name="previousFunctions" time="6.802" classname="com.lm.qa.testcases.DropDownTest"/>
  <testcase name="dropdownactions" time="5.274" classname="com.lm.qa.testcases.DropDownTest"/>
</testsuite> <!-- com.lm.qa.testcases.DropDownTest -->
