<?xml version="1.0" encoding="UTF-8"?>
<!-- Generated by org.testng.reporters.JUnitReportReporter -->
<testsuite skipped="0" hostname="Hamza-PC" name="com.lm.qa.testcases.IndexPageTest" tests="1" failures="0" timestamp="24 Nov 2018 08:24:08 GMT" time="12.929" errors="0">
  <testcase name="indexsuccess" time="12.929" classname="com.lm.qa.testcases.IndexPageTest"/>
</testsuite> <!-- com.lm.qa.testcases.IndexPageTest -->
