<?xml version="1.0" encoding="UTF-8"?>
<!-- Generated by org.testng.reporters.JUnitReportReporter -->
<testsuite skipped="0" hostname="Hamza-PC" name="com.lm.qa.testcases.MultipleWindowsTestPage" tests="2" failures="0" timestamp="01 Dec 2018 09:53:57 GMT" time="26.760" errors="0">
  <testcase name="previousFunctions" time="17.865" classname="com.lm.qa.testcases.MultipleWindowsTestPage"/>
  <testcase name="windowHandlingAction" time="8.895" classname="com.lm.qa.testcases.MultipleWindowsTestPage"/>
</testsuite> <!-- com.lm.qa.testcases.MultipleWindowsTestPage -->
