<?xml version="1.0" encoding="UTF-8"?>
<!-- Generated by org.testng.reporters.JUnitReportReporter -->
<testsuite skipped="0" hostname="Hamza-PC" name="com.lm.qa.testcases.MultipleWindowsTestPage" tests="2" failures="0" timestamp="25 Nov 2018 17:44:29 GMT" time="31.450" errors="0">
  <testcase name="previousFunctions" time="18.362" classname="com.lm.qa.testcases.MultipleWindowsTestPage"/>
  <testcase name="windowHandlingAction" time="13.088" classname="com.lm.qa.testcases.MultipleWindowsTestPage"/>
</testsuite> <!-- com.lm.qa.testcases.MultipleWindowsTestPage -->
