<?xml version="1.0" encoding="UTF-8"?>
<!-- Generated by org.testng.reporters.JUnitReportReporter -->
<testsuite skipped="0" hostname="Hamza-PC" name="com.lm.qa.testcases.IndexPageTest" tests="1" failures="0" timestamp="22 Jan 2019 10:10:11 GMT" time="11.927" errors="0">
  <testcase name="indexsuccess" time="11.927" classname="com.lm.qa.testcases.IndexPageTest"/>
</testsuite> <!-- com.lm.qa.testcases.IndexPageTest -->
