<?xml version="1.0" encoding="UTF-8"?>
<!-- Generated by org.testng.reporters.JUnitReportReporter -->
<testsuite skipped="0" hostname="Hamza-PC" name="com.lm.qa.testcases.MouseHoveringTest" tests="1" failures="0" timestamp="26 Dec 2018 18:36:39 GMT" time="11.536" errors="0">
  <testcase name="mouseHoveringAction" time="11.536" classname="com.lm.qa.testcases.MouseHoveringTest"/>
</testsuite> <!-- com.lm.qa.testcases.MouseHoveringTest -->
