<?xml version="1.0" encoding="UTF-8"?>
<!-- Generated by org.testng.reporters.JUnitReportReporter -->
<testsuite skipped="0" hostname="Hamza-PC" name="com.lm.qa.testcases.MultipleWindowsTestPage" tests="2" failures="0" timestamp="25 Nov 2018 11:37:38 GMT" time="27.369" errors="0">
  <testcase name="previousFunctions" time="18.482" classname="com.lm.qa.testcases.MultipleWindowsTestPage"/>
  <testcase name="windowHandlingAction" time="8.887" classname="com.lm.qa.testcases.MultipleWindowsTestPage"/>
</testsuite> <!-- com.lm.qa.testcases.MultipleWindowsTestPage -->
